# JRE version: Java(TM) SE Runtime Environment (10.0.2+13) (build 10.0.2+13)
# Java VM: Java HotSpot(TM) 64-Bit Server VM (10.0.2+13, mixed mode, tiered, compressed oops, g1 gc, windows-amd64)
Heap:
 garbage-first heap   total 187392K, used 62292K [0x0000000082000000, 0x0000000100000000)
  region size 1024K, 31 young (31744K), 11 survivors (11264K)
 Metaspace       used 71450K, capacity 72816K, committed 73172K, reserved 1114112K
  class space    used 8618K, capacity 9160K, committed 9216K, reserved 1048576K
GC Heap History (10 events):
Event: 6.274 GC heap before
{Heap before GC invocations=12 (full 0):
 garbage-first heap   total 155648K, used 112102K [0x0000000082000000, 0x0000000100000000)
  region size 1024K, 91 young (93184K), 9 survivors (9216K)
 Metaspace       used 51844K, capacity 52853K, committed 53120K, reserved 1095680K
  class space    used 5858K, capacity 6253K, committed 6272K, reserved 1048576K
}
Event: 6.281 GC heap after
{Heap after GC invocations=13 (full 0):
 garbage-first heap   total 187392K, used 29500K [0x0000000082000000, 0x0000000100000000)
  region size 1024K, 4 young (4096K), 4 survivors (4096K)
 Metaspace       used 51844K, capacity 52853K, committed 53120K, reserved 1095680K
  class space    used 5858K, capacity 6253K, committed 6272K, reserved 1048576K
}
Event: 7.015 GC heap before
{Heap before GC invocations=13 (full 0):
 garbage-first heap   total 187392K, used 121660K [0x0000000082000000, 0x0000000100000000)
  region size 1024K, 95 young (97280K), 4 survivors (4096K)
 Metaspace       used 58878K, capacity 59880K, committed 60288K, reserved 1101824K
  class space    used 6880K, capacity 7291K, committed 7296K, reserved 1048576K
}
Event: 7.020 GC heap after
{Heap after GC invocations=14 (full 0):
 garbage-first heap   total 187392K, used 30377K [0x0000000082000000, 0x0000000100000000)
  region size 1024K, 5 young (5120K), 5 survivors (5120K)
 Metaspace       used 58878K, capacity 59880K, committed 60288K, reserved 1101824K
  class space    used 6880K, capacity 7291K, committed 7296K, reserved 1048576K
}
Event: 7.963 GC heap before
{Heap before GC invocations=15 (full 0):
 garbage-first heap   total 187392K, used 138921K [0x0000000082000000, 0x0000000100000000)
  region size 1024K, 109 young (111616K), 5 survivors (5120K)
 Metaspace       used 66004K, capacity 67176K, committed 67796K, reserved 1107968K
  class space    used 7928K, capacity 8391K, committed 8448K, reserved 1048576K
}
Event: 7.968 GC heap after
{Heap after GC invocations=16 (full 0):
 garbage-first heap   total 187392K, used 34626K [0x0000000082000000, 0x0000000100000000)
  region size 1024K, 7 young (7168K), 7 survivors (7168K)
 Metaspace       used 66004K, capacity 67176K, committed 67796K, reserved 1107968K
  class space    used 7928K, capacity 8391K, committed 8448K, reserved 1048576K
}
Event: 9.015 GC heap before
{Heap before GC invocations=16 (full 0):
 garbage-first heap   total 187392K, used 139074K [0x0000000082000000, 0x0000000100000000)
  region size 1024K, 109 young (111616K), 7 survivors (7168K)
 Metaspace       used 68464K, capacity 69756K, committed 70228K, reserved 1110016K
  class space    used 8221K, capacity 8749K, committed 8832K, reserved 1048576K
}
Event: 9.022 GC heap after
{Heap after GC invocations=17 (full 0):
 garbage-first heap   total 187392K, used 38542K [0x0000000082000000, 0x0000000100000000)
  region size 1024K, 11 young (11264K), 11 survivors (11264K)
 Metaspace       used 68464K, capacity 69756K, committed 70228K, reserved 1110016K
  class space    used 8221K, capacity 8749K, committed 8832K, reserved 1048576K
}
Event: 9.910 GC heap before
{Heap before GC invocations=17 (full 0):
 garbage-first heap   total 187392K, used 138894K [0x0000000082000000, 0x0000000100000000)
  region size 1024K, 109 young (111616K), 11 survivors (11264K)
 Metaspace       used 70538K, capacity 71837K, committed 72276K, reserved 1112064K
  class space    used 8494K, capacity 9025K, committed 9088K, reserved 1048576K
}
Event: 9.922 GC heap after
{Heap after GC invocations=18 (full 0):
 garbage-first heap   total 187392K, used 42836K [0x0000000082000000, 0x0000000100000000)
  region size 1024K, 11 young (11264K), 11 survivors (11264K)
 Metaspace       used 70538K, capacity 71837K, committed 72276K, reserved 1112064K
  class space    used 8494K, capacity 9025K, committed 9088K, reserved 1048576K
}

