# JRE version: Java(TM) SE Runtime Environment (10.0.2+13) (build 10.0.2+13)
# Java VM: Java HotSpot(TM) 64-Bit Server VM (10.0.2+13, mixed mode, tiered, compressed oops, g1 gc, windows-amd64)
Heap:
 garbage-first heap   total 187392K, used 98649K [0x0000000082000000, 0x0000000100000000)
  region size 1024K, 73 young (74752K), 5 survivors (5120K)
 Metaspace       used 63530K, capacity 64575K, committed 65236K, reserved 1110016K
  class space    used 7611K, capacity 8034K, committed 8148K, reserved 1048576K
GC Heap History (10 events):
Event: 4.151 GC heap before
{Heap before GC invocations=9 (full 0):
 garbage-first heap   total 155648K, used 101222K [0x0000000082000000, 0x0000000100000000)
  region size 1024K, 89 young (91136K), 7 survivors (7168K)
 Metaspace       used 39584K, capacity 40399K, committed 40704K, reserved 1085440K
  class space    used 4446K, capacity 4777K, committed 4864K, reserved 1048576K
}
Event: 4.157 GC heap after
{Heap after GC invocations=10 (full 0):
 garbage-first heap   total 155648K, used 19723K [0x0000000082000000, 0x0000000100000000)
  region size 1024K, 9 young (9216K), 9 survivors (9216K)
 Metaspace       used 39584K, capacity 40399K, committed 40704K, reserved 1085440K
  class space    used 4446K, capacity 4777K, committed 4864K, reserved 1048576K
}
Event: 5.099 GC heap before
{Heap before GC invocations=10 (full 0):
 garbage-first heap   total 155648K, used 103691K [0x0000000082000000, 0x0000000100000000)
  region size 1024K, 91 young (93184K), 9 survivors (9216K)
 Metaspace       used 43900K, capacity 44873K, committed 45312K, reserved 1089536K
  class space    used 4961K, capacity 5349K, committed 5376K, reserved 1048576K
}
Event: 5.108 GC heap after
{Heap after GC invocations=11 (full 0):
 garbage-first heap   total 155648K, used 26091K [0x0000000082000000, 0x0000000100000000)
  region size 1024K, 11 young (11264K), 11 survivors (11264K)
 Metaspace       used 43900K, capacity 44873K, committed 45312K, reserved 1089536K
  class space    used 4961K, capacity 5349K, committed 5376K, reserved 1048576K
}
Event: 5.624 GC heap before
{Heap before GC invocations=11 (full 0):
 garbage-first heap   total 155648K, used 108011K [0x0000000082000000, 0x0000000100000000)
  region size 1024K, 91 young (93184K), 11 survivors (11264K)
 Metaspace       used 45654K, capacity 46655K, committed 47104K, reserved 1091584K
  class space    used 5143K, capacity 5531K, committed 5632K, reserved 1048576K
}
Event: 5.634 GC heap after
{Heap after GC invocations=12 (full 0):
 garbage-first heap   total 187392K, used 27650K [0x0000000082000000, 0x0000000100000000)
  region size 1024K, 3 young (3072K), 3 survivors (3072K)
 Metaspace       used 45654K, capacity 46655K, committed 47104K, reserved 1091584K
  class space    used 5143K, capacity 5531K, committed 5632K, reserved 1048576K
}
Event: 6.449 GC heap before
{Heap before GC invocations=12 (full 0):
 garbage-first heap   total 187392K, used 134146K [0x0000000082000000, 0x0000000100000000)
  region size 1024K, 107 young (109568K), 3 survivors (3072K)
 Metaspace       used 53155K, capacity 54118K, committed 54656K, reserved 1097728K
  class space    used 6071K, capacity 6482K, committed 6528K, reserved 1048576K
}
Event: 6.454 GC heap after
{Heap after GC invocations=13 (full 0):
 garbage-first heap   total 187392K, used 28940K [0x0000000082000000, 0x0000000100000000)
  region size 1024K, 4 young (4096K), 4 survivors (4096K)
 Metaspace       used 53155K, capacity 54118K, committed 54656K, reserved 1097728K
  class space    used 6071K, capacity 6482K, committed 6528K, reserved 1048576K
}
Event: 7.012 GC heap before
{Heap before GC invocations=13 (full 0):
 garbage-first heap   total 187392K, used 100620K [0x0000000082000000, 0x0000000100000000)
  region size 1024K, 75 young (76800K), 4 survivors (4096K)
 Metaspace       used 58880K, capacity 59874K, committed 60288K, reserved 1101824K
  class space    used 6872K, capacity 7290K, committed 7296K, reserved 1048576K
}
Event: 7.016 GC heap after
{Heap after GC invocations=14 (full 0):
 garbage-first heap   total 187392K, used 30041K [0x0000000082000000, 0x0000000100000000)
  region size 1024K, 5 young (5120K), 5 survivors (5120K)
 Metaspace       used 58880K, capacity 59874K, committed 60288K, reserved 1101824K
  class space    used 6872K, capacity 7290K, committed 7296K, reserved 1048576K
}

